C:\USERS\H56T383\DOCUMENTS\VISUAL STUDIO 2010\PROJECTS\KINECTFINALPROJECTEVAR\DEBUG\KINECTFINALPROJECTEVAR.EXE
C:\USERS\H56T383\DOCUMENTS\VISUAL STUDIO 2010\PROJECTS\KINECTFINALPROJECTEVAR\DEBUG\KINECTFINALPROJECTEVAR.ILK
C:\USERS\H56T383\DOCUMENTS\VISUAL STUDIO 2010\PROJECTS\KINECTFINALPROJECTEVAR\DEBUG\KINECTFINALPROJECTEVAR.PDB
c:\Users\h56t383\documents\visual studio 2010\Projects\KinectFinalProjectEVAR\KinectFinalProjectEVAR\Debug\cl.command.1.tlog
c:\Users\h56t383\documents\visual studio 2010\Projects\KinectFinalProjectEVAR\KinectFinalProjectEVAR\Debug\CL.read.1.tlog
c:\Users\h56t383\documents\visual studio 2010\Projects\KinectFinalProjectEVAR\KinectFinalProjectEVAR\Debug\CL.write.1.tlog
C:\USERS\H56T383\DOCUMENTS\VISUAL STUDIO 2010\PROJECTS\KINECTFINALPROJECTEVAR\KINECTFINALPROJECTEVAR\DEBUG\KINECTFINALPROJECTEVAR.EXE.EMBED.MANIFEST
C:\USERS\H56T383\DOCUMENTS\VISUAL STUDIO 2010\PROJECTS\KINECTFINALPROJECTEVAR\KINECTFINALPROJECTEVAR\DEBUG\KINECTFINALPROJECTEVAR.EXE.EMBED.MANIFEST.RES
C:\USERS\H56T383\DOCUMENTS\VISUAL STUDIO 2010\PROJECTS\KINECTFINALPROJECTEVAR\KINECTFINALPROJECTEVAR\DEBUG\KINECTFINALPROJECTEVAR.EXE.INTERMEDIATE.MANIFEST
C:\USERS\H56T383\DOCUMENTS\VISUAL STUDIO 2010\PROJECTS\KINECTFINALPROJECTEVAR\KINECTFINALPROJECTEVAR\DEBUG\KINECTFINALPROJECTEVAR.OBJ
C:\USERS\H56T383\DOCUMENTS\VISUAL STUDIO 2010\PROJECTS\KINECTFINALPROJECTEVAR\KINECTFINALPROJECTEVAR\DEBUG\KINECTFINALPROJECTEVAR.PCH
c:\Users\h56t383\documents\visual studio 2010\Projects\KinectFinalProjectEVAR\KinectFinalProjectEVAR\Debug\KinectFinalProjectEVAR.vcxprojResolveAssemblyReference.cache
c:\Users\h56t383\documents\visual studio 2010\Projects\KinectFinalProjectEVAR\KinectFinalProjectEVAR\Debug\KinectFinalProjectEVAR.write.1.tlog
c:\Users\h56t383\documents\visual studio 2010\Projects\KinectFinalProjectEVAR\KinectFinalProjectEVAR\Debug\KinectFinalProjectEVAR_manifest.rc
c:\Users\h56t383\documents\visual studio 2010\Projects\KinectFinalProjectEVAR\KinectFinalProjectEVAR\Debug\link.2748.read.1.tlog
c:\Users\h56t383\documents\visual studio 2010\Projects\KinectFinalProjectEVAR\KinectFinalProjectEVAR\Debug\link.2748.write.1.tlog
c:\Users\h56t383\documents\visual studio 2010\Projects\KinectFinalProjectEVAR\KinectFinalProjectEVAR\Debug\link.2748-cvtres.read.1.tlog
c:\Users\h56t383\documents\visual studio 2010\Projects\KinectFinalProjectEVAR\KinectFinalProjectEVAR\Debug\link.2748-cvtres.write.1.tlog
c:\Users\h56t383\documents\visual studio 2010\Projects\KinectFinalProjectEVAR\KinectFinalProjectEVAR\Debug\link.2888.read.1.tlog
c:\Users\h56t383\documents\visual studio 2010\Projects\KinectFinalProjectEVAR\KinectFinalProjectEVAR\Debug\link.2888.write.1.tlog
c:\Users\h56t383\documents\visual studio 2010\Projects\KinectFinalProjectEVAR\KinectFinalProjectEVAR\Debug\link.2888-cvtres.read.1.tlog
c:\Users\h56t383\documents\visual studio 2010\Projects\KinectFinalProjectEVAR\KinectFinalProjectEVAR\Debug\link.2888-cvtres.write.1.tlog
c:\Users\h56t383\documents\visual studio 2010\Projects\KinectFinalProjectEVAR\KinectFinalProjectEVAR\Debug\link.3104.read.1.tlog
c:\Users\h56t383\documents\visual studio 2010\Projects\KinectFinalProjectEVAR\KinectFinalProjectEVAR\Debug\link.3104.write.1.tlog
c:\Users\h56t383\documents\visual studio 2010\Projects\KinectFinalProjectEVAR\KinectFinalProjectEVAR\Debug\link.3104-cvtres.read.1.tlog
c:\Users\h56t383\documents\visual studio 2010\Projects\KinectFinalProjectEVAR\KinectFinalProjectEVAR\Debug\link.3104-cvtres.write.1.tlog
c:\Users\h56t383\documents\visual studio 2010\Projects\KinectFinalProjectEVAR\KinectFinalProjectEVAR\Debug\link.3332.read.1.tlog
c:\Users\h56t383\documents\visual studio 2010\Projects\KinectFinalProjectEVAR\KinectFinalProjectEVAR\Debug\link.3332.write.1.tlog
c:\Users\h56t383\documents\visual studio 2010\Projects\KinectFinalProjectEVAR\KinectFinalProjectEVAR\Debug\link.3332-cvtres.read.1.tlog
c:\Users\h56t383\documents\visual studio 2010\Projects\KinectFinalProjectEVAR\KinectFinalProjectEVAR\Debug\link.3332-cvtres.write.1.tlog
c:\Users\h56t383\documents\visual studio 2010\Projects\KinectFinalProjectEVAR\KinectFinalProjectEVAR\Debug\link.4900.read.1.tlog
c:\Users\h56t383\documents\visual studio 2010\Projects\KinectFinalProjectEVAR\KinectFinalProjectEVAR\Debug\link.4900.write.1.tlog
c:\Users\h56t383\documents\visual studio 2010\Projects\KinectFinalProjectEVAR\KinectFinalProjectEVAR\Debug\link.4900-cvtres.read.1.tlog
c:\Users\h56t383\documents\visual studio 2010\Projects\KinectFinalProjectEVAR\KinectFinalProjectEVAR\Debug\link.4900-cvtres.write.1.tlog
c:\Users\h56t383\documents\visual studio 2010\Projects\KinectFinalProjectEVAR\KinectFinalProjectEVAR\Debug\link.5024.read.1.tlog
c:\Users\h56t383\documents\visual studio 2010\Projects\KinectFinalProjectEVAR\KinectFinalProjectEVAR\Debug\link.5024.write.1.tlog
c:\Users\h56t383\documents\visual studio 2010\Projects\KinectFinalProjectEVAR\KinectFinalProjectEVAR\Debug\link.5024-cvtres.read.1.tlog
c:\Users\h56t383\documents\visual studio 2010\Projects\KinectFinalProjectEVAR\KinectFinalProjectEVAR\Debug\link.5024-cvtres.write.1.tlog
c:\Users\h56t383\documents\visual studio 2010\Projects\KinectFinalProjectEVAR\KinectFinalProjectEVAR\Debug\link.532.read.1.tlog
c:\Users\h56t383\documents\visual studio 2010\Projects\KinectFinalProjectEVAR\KinectFinalProjectEVAR\Debug\link.532.write.1.tlog
c:\Users\h56t383\documents\visual studio 2010\Projects\KinectFinalProjectEVAR\KinectFinalProjectEVAR\Debug\link.532-cvtres.read.1.tlog
c:\Users\h56t383\documents\visual studio 2010\Projects\KinectFinalProjectEVAR\KinectFinalProjectEVAR\Debug\link.532-cvtres.write.1.tlog
c:\Users\h56t383\documents\visual studio 2010\Projects\KinectFinalProjectEVAR\KinectFinalProjectEVAR\Debug\link.992.read.1.tlog
c:\Users\h56t383\documents\visual studio 2010\Projects\KinectFinalProjectEVAR\KinectFinalProjectEVAR\Debug\link.992.write.1.tlog
c:\Users\h56t383\documents\visual studio 2010\Projects\KinectFinalProjectEVAR\KinectFinalProjectEVAR\Debug\link.992-cvtres.read.1.tlog
c:\Users\h56t383\documents\visual studio 2010\Projects\KinectFinalProjectEVAR\KinectFinalProjectEVAR\Debug\link.992-cvtres.write.1.tlog
c:\Users\h56t383\documents\visual studio 2010\Projects\KinectFinalProjectEVAR\KinectFinalProjectEVAR\Debug\link.command.1.tlog
c:\Users\h56t383\documents\visual studio 2010\Projects\KinectFinalProjectEVAR\KinectFinalProjectEVAR\Debug\link.read.1.tlog
c:\Users\h56t383\documents\visual studio 2010\Projects\KinectFinalProjectEVAR\KinectFinalProjectEVAR\Debug\link.write.1.tlog
c:\Users\h56t383\documents\visual studio 2010\Projects\KinectFinalProjectEVAR\KinectFinalProjectEVAR\Debug\link-cvtres.read.1.tlog
c:\Users\h56t383\documents\visual studio 2010\Projects\KinectFinalProjectEVAR\KinectFinalProjectEVAR\Debug\link-cvtres.write.1.tlog
c:\Users\h56t383\documents\visual studio 2010\Projects\KinectFinalProjectEVAR\KinectFinalProjectEVAR\Debug\mt.command.1.tlog
c:\Users\h56t383\documents\visual studio 2010\Projects\KinectFinalProjectEVAR\KinectFinalProjectEVAR\Debug\mt.read.1.tlog
c:\Users\h56t383\documents\visual studio 2010\Projects\KinectFinalProjectEVAR\KinectFinalProjectEVAR\Debug\mt.write.1.tlog
c:\Users\h56t383\documents\visual studio 2010\Projects\KinectFinalProjectEVAR\KinectFinalProjectEVAR\Debug\rc.command.1.tlog
c:\Users\h56t383\documents\visual studio 2010\Projects\KinectFinalProjectEVAR\KinectFinalProjectEVAR\Debug\rc.read.1.tlog
c:\Users\h56t383\documents\visual studio 2010\Projects\KinectFinalProjectEVAR\KinectFinalProjectEVAR\Debug\rc.write.1.tlog
C:\USERS\H56T383\DOCUMENTS\VISUAL STUDIO 2010\PROJECTS\KINECTFINALPROJECTEVAR\KINECTFINALPROJECTEVAR\DEBUG\STDAFX.OBJ
c:\Users\h56t383\documents\visual studio 2010\Projects\KinectFinalProjectEVAR\KinectFinalProjectEVAR\Debug\vc100.idb
C:\USERS\H56T383\DOCUMENTS\VISUAL STUDIO 2010\PROJECTS\KINECTFINALPROJECTEVAR\KINECTFINALPROJECTEVAR\DEBUG\VC100.PDB
